C:\USERS\BRANDON\DOCUMENTS\VISUAL STUDIO 2012\PROJECTS\QCGUI\DEBUG\MAIN.OBJ
C:\USERS\BRANDON\DOCUMENTS\VISUAL STUDIO 2012\PROJECTS\QCGUI\DEBUG\VC110.PDB
C:\USERS\BRANDON\DOCUMENTS\VISUAL STUDIO 2012\PROJECTS\QCGUI\DEBUG\CALLBACKS.OBJ
C:\USERS\BRANDON\DOCUMENTS\VISUAL STUDIO 2012\PROJECTS\QCGUI\DEBUG\QCGUI.ILK
C:\USERS\BRANDON\DOCUMENTS\VISUAL STUDIO 2012\PROJECTS\QCGUI\DEBUG\QCGUI.EXE
C:\USERS\BRANDON\DOCUMENTS\VISUAL STUDIO 2012\PROJECTS\QCGUI\DEBUG\QCGUI.PDB
C:\USERS\BRANDON\DOCUMENTS\VISUAL STUDIO 2012\PROJECTS\QCGUI\DEBUG\QCGUI.RES
C:\Users\Brandon\Documents\Visual Studio 2012\Projects\QCGUI\Debug\callbacks.obj
C:\Users\Brandon\Documents\Visual Studio 2012\Projects\QCGUI\Debug\main.obj
C:\Users\Brandon\Documents\Visual Studio 2012\Projects\QCGUI\Debug\QCGUI.ilk
C:\Users\Brandon\Documents\Visual Studio 2012\Projects\QCGUI\Debug\cl.command.1.tlog
C:\Users\Brandon\Documents\Visual Studio 2012\Projects\QCGUI\Debug\CL.read.1.tlog
C:\Users\Brandon\Documents\Visual Studio 2012\Projects\QCGUI\Debug\CL.write.1.tlog
C:\Users\Brandon\Documents\Visual Studio 2012\Projects\QCGUI\Debug\link-cvtres.read.1.tlog
C:\Users\Brandon\Documents\Visual Studio 2012\Projects\QCGUI\Debug\link-cvtres.write.1.tlog
C:\Users\Brandon\Documents\Visual Studio 2012\Projects\QCGUI\Debug\link-rc.read.1.tlog
C:\Users\Brandon\Documents\Visual Studio 2012\Projects\QCGUI\Debug\link-rc.write.1.tlog
C:\Users\Brandon\Documents\Visual Studio 2012\Projects\QCGUI\Debug\link.396-cvtres.read.1.tlog
C:\Users\Brandon\Documents\Visual Studio 2012\Projects\QCGUI\Debug\link.396-cvtres.write.1.tlog
C:\Users\Brandon\Documents\Visual Studio 2012\Projects\QCGUI\Debug\link.396-rc.read.1.tlog
C:\Users\Brandon\Documents\Visual Studio 2012\Projects\QCGUI\Debug\link.396-rc.write.1.tlog
C:\Users\Brandon\Documents\Visual Studio 2012\Projects\QCGUI\Debug\link.396.read.1.tlog
C:\Users\Brandon\Documents\Visual Studio 2012\Projects\QCGUI\Debug\link.396.write.1.tlog
C:\Users\Brandon\Documents\Visual Studio 2012\Projects\QCGUI\Debug\link.4280-cvtres.read.1.tlog
C:\Users\Brandon\Documents\Visual Studio 2012\Projects\QCGUI\Debug\link.4280-cvtres.write.1.tlog
C:\Users\Brandon\Documents\Visual Studio 2012\Projects\QCGUI\Debug\link.4280-rc.read.1.tlog
C:\Users\Brandon\Documents\Visual Studio 2012\Projects\QCGUI\Debug\link.4280-rc.write.1.tlog
C:\Users\Brandon\Documents\Visual Studio 2012\Projects\QCGUI\Debug\link.4280.read.1.tlog
C:\Users\Brandon\Documents\Visual Studio 2012\Projects\QCGUI\Debug\link.4280.write.1.tlog
C:\Users\Brandon\Documents\Visual Studio 2012\Projects\QCGUI\Debug\link.7580-cvtres.read.1.tlog
C:\Users\Brandon\Documents\Visual Studio 2012\Projects\QCGUI\Debug\link.7580-cvtres.write.1.tlog
C:\Users\Brandon\Documents\Visual Studio 2012\Projects\QCGUI\Debug\link.7580-rc.read.1.tlog
C:\Users\Brandon\Documents\Visual Studio 2012\Projects\QCGUI\Debug\link.7580-rc.write.1.tlog
C:\Users\Brandon\Documents\Visual Studio 2012\Projects\QCGUI\Debug\link.7580.read.1.tlog
C:\Users\Brandon\Documents\Visual Studio 2012\Projects\QCGUI\Debug\link.7580.write.1.tlog
C:\Users\Brandon\Documents\Visual Studio 2012\Projects\QCGUI\Debug\link.8500-cvtres.read.1.tlog
C:\Users\Brandon\Documents\Visual Studio 2012\Projects\QCGUI\Debug\link.8500-cvtres.write.1.tlog
C:\Users\Brandon\Documents\Visual Studio 2012\Projects\QCGUI\Debug\link.8500-rc.read.1.tlog
C:\Users\Brandon\Documents\Visual Studio 2012\Projects\QCGUI\Debug\link.8500-rc.write.1.tlog
C:\Users\Brandon\Documents\Visual Studio 2012\Projects\QCGUI\Debug\link.8500.read.1.tlog
C:\Users\Brandon\Documents\Visual Studio 2012\Projects\QCGUI\Debug\link.8500.write.1.tlog
C:\Users\Brandon\Documents\Visual Studio 2012\Projects\QCGUI\Debug\link.command.1.tlog
C:\Users\Brandon\Documents\Visual Studio 2012\Projects\QCGUI\Debug\link.read.1.tlog
C:\Users\Brandon\Documents\Visual Studio 2012\Projects\QCGUI\Debug\link.write.1.tlog
C:\Users\Brandon\Documents\Visual Studio 2012\Projects\QCGUI\Debug\rc.command.1.tlog
C:\Users\Brandon\Documents\Visual Studio 2012\Projects\QCGUI\Debug\rc.read.1.tlog
C:\Users\Brandon\Documents\Visual Studio 2012\Projects\QCGUI\Debug\rc.write.1.tlog
C:\Users\Brandon\Documents\Visual Studio 2012\Projects\QCGUI\Debug\QCGUI.res
C:\Users\Brandon\Documents\Visual Studio 2012\Projects\QCGUI\Debug\vc110.idb
C:\Users\Brandon\Documents\Visual Studio 2012\Projects\QCGUI\Debug\QCGUI.pdb
C:\Users\Brandon\Documents\Visual Studio 2012\Projects\QCGUI\Debug\vc110.pdb
C:\Users\Brandon\Documents\Visual Studio 2012\Projects\QCGUI\Debug\QCGUI.exe
